2025-02-24 21:10:49 - INFO - \U0001f527 Configuration du logging terminée.
2025-02-24 21:10:49 - INFO - \U0001f527 Configuration du logging terminée. Rotation activée (5 Mo, 3 fichiers max).
2025-02-24 21:10:49 - INFO - \U0001f680 Lancement de l'application.
2025-02-24 21:10:49 - WARNING - \u26a0\ufe0f Attention : Ceci est un avertissement.
2025-02-24 21:10:49 - ERROR - \u274c Une erreur s'est produite.
2025-02-24 21:46:33 - INFO - \U0001f527 Configuration du logging terminée.
2025-02-24 21:46:33 - INFO - \U0001f527 Configuration du logging terminée. Rotation activée (5 Mo, 3 fichiers max).
2025-02-24 21:46:33 - INFO - \U0001f680 Lancement de l'application.
2025-02-24 21:46:33 - WARNING - \u26a0\ufe0f Attention : Ceci est un avertissement.
2025-02-24 21:46:33 - ERROR - \u274c Une erreur s'est produite.
2025-02-25 07:26:29 - INFO - \U0001f527 Configuration du logging terminée.
2025-02-25 07:26:29 - INFO - \U0001f527 Configuration du logging terminée. Rotation activée (5 Mo, 3 fichiers max).
2025-02-25 07:26:29 - INFO - \U0001f680 Lancement de l'application.
2025-02-25 07:26:29 - WARNING - \u26a0\ufe0f Attention : Ceci est un avertissement.
2025-02-25 07:26:29 - ERROR - \u274c Une erreur s'est produite.
2025-02-25 17:35:31 - INFO - \U0001f527 Configuration du logging terminée.
2025-02-25 17:35:31 - INFO - \U0001f527 Configuration du logging terminée. Rotation activée (5 Mo, 3 fichiers max).
2025-02-25 17:35:31 - INFO - \U0001f680 Lancement de l'application.
2025-02-25 17:35:31 - WARNING - \u26a0\ufe0f Attention : Ceci est un avertissement.
2025-02-25 17:35:31 - ERROR - \u274c Une erreur s'est produite.
2025-02-25 18:45:23 - INFO - \U0001f527 Configuration du logging terminée.
2025-02-25 18:45:23 - INFO - \U0001f527 Configuration du logging terminée. Rotation activée (5 Mo, 3 fichiers max).
2025-02-25 18:45:23 - INFO - \U0001f680 Lancement de l'application.
2025-02-25 18:45:23 - WARNING - \u26a0\ufe0f Attention : Ceci est un avertissement.
2025-02-25 18:45:23 - ERROR - \u274c Une erreur s'est produite.
2025-02-25 18:55:50 - INFO - \U0001f527 Configuration du logging terminée.
2025-02-25 18:55:50 - INFO - \U0001f527 Configuration du logging terminée. Rotation activée (5 Mo, 3 fichiers max).
2025-02-25 18:55:50 - INFO - \U0001f680 Lancement de l'application.
2025-02-25 18:55:50 - WARNING - \u26a0\ufe0f Attention : Ceci est un avertissement.
2025-02-25 18:55:50 - ERROR - \u274c Une erreur s'est produite.
2025-02-25 19:02:16 - INFO - \U0001f527 Configuration du logging terminée.
2025-02-25 19:02:16 - INFO - \U0001f527 Configuration du logging terminée. Rotation activée (5 Mo, 3 fichiers max).
2025-02-25 19:02:16 - INFO - \U0001f680 Lancement de l'application.
2025-02-25 19:02:16 - WARNING - \u26a0\ufe0f Attention : Ceci est un avertissement.
2025-02-25 19:02:16 - ERROR - \u274c Une erreur s'est produite.
2025-02-25 19:11:54 - INFO - \U0001f527 Configuration du logging terminée.
2025-02-25 19:11:54 - INFO - \U0001f527 Configuration du logging terminée. Rotation activée (5 Mo, 3 fichiers max).
2025-02-25 19:11:54 - INFO - \U0001f680 Lancement de l'application.
2025-02-25 19:11:54 - WARNING - \u26a0\ufe0f Attention : Ceci est un avertissement.
2025-02-25 19:11:54 - ERROR - \u274c Une erreur s'est produite.
2025-02-25 19:41:52 - INFO - \U0001f527 Configuration du logging terminée.
2025-02-25 19:41:52 - INFO - \U0001f527 Configuration du logging terminée. Rotation activée (5 Mo, 3 fichiers max).
2025-02-25 19:41:52 - INFO - \U0001f680 Lancement de l'application.
2025-02-25 19:41:52 - WARNING - \u26a0\ufe0f Attention : Ceci est un avertissement.
2025-02-25 19:41:52 - ERROR - \u274c Une erreur s'est produite.
2025-02-26 09:00:13 - INFO - \U0001f527 Configuration du logging terminée.
2025-02-26 09:00:13 - INFO - \U0001f527 Configuration du logging terminée. Rotation activée (5 Mo, 3 fichiers max).
2025-02-26 09:00:13 - INFO - \U0001f680 Lancement de l'application.
2025-02-26 09:00:13 - WARNING - \u26a0\ufe0f Attention : Ceci est un avertissement.
2025-02-26 09:00:13 - ERROR - \u274c Une erreur s'est produite.
2025-02-26 14:56:39 - INFO - \U0001f527 Configuration du logging terminée.
2025-02-26 14:56:39 - INFO - \U0001f527 Configuration du logging terminée. Rotation activée (5 Mo, 3 fichiers max).
2025-02-26 14:56:39 - INFO - \U0001f680 Lancement de l'application.
2025-02-26 14:56:39 - WARNING - \u26a0\ufe0f Attention : Ceci est un avertissement.
2025-02-26 14:56:39 - ERROR - \u274c Une erreur s'est produite.
2025-02-26 14:58:52 - INFO - \U0001f527 Configuration du logging terminée.
2025-02-26 14:58:52 - INFO - \U0001f527 Configuration du logging terminée. Rotation activée (5 Mo, 3 fichiers max).
2025-02-26 14:58:52 - INFO - \U0001f680 Lancement de l'application.
2025-02-26 14:58:52 - WARNING - \u26a0\ufe0f Attention : Ceci est un avertissement.
2025-02-26 14:58:52 - ERROR - \u274c Une erreur s'est produite.
2025-02-26 16:11:13 - INFO - \U0001f527 Configuration du logging terminée.
2025-02-26 16:11:13 - INFO - \U0001f527 Configuration du logging terminée. Rotation activée (5 Mo, 3 fichiers max).
2025-02-26 16:11:13 - INFO - \U0001f680 Lancement de l'application.
2025-02-26 16:11:13 - WARNING - \u26a0\ufe0f Attention : Ceci est un avertissement.
2025-02-26 16:11:13 - ERROR - \u274c Une erreur s'est produite.
2025-02-27 13:32:13 - INFO - \U0001f527 Configuration du logging terminée.
2025-02-27 13:32:13 - INFO - \U0001f527 Configuration du logging terminée. Rotation activée (5 Mo, 3 fichiers max).
2025-02-27 13:32:13 - INFO - \U0001f680 Lancement de l'application.
2025-02-27 13:32:13 - WARNING - \u26a0\ufe0f Attention : Ceci est un avertissement.
2025-02-27 13:32:13 - ERROR - \u274c Une erreur s'est produite.
2025-02-27 13:37:24 - INFO - \U0001f527 Configuration du logging terminée.
2025-02-27 13:37:24 - INFO - \U0001f527 Configuration du logging terminée. Rotation activée (5 Mo, 3 fichiers max).
2025-02-27 13:37:24 - INFO - \U0001f680 Lancement de l'application.
2025-02-27 13:37:24 - WARNING - \u26a0\ufe0f Attention : Ceci est un avertissement.
2025-02-27 13:37:24 - ERROR - \u274c Une erreur s'est produite.
2025-02-27 16:55:20 - INFO - \U0001f527 Configuration du logging terminée.
2025-02-27 16:55:20 - INFO - \U0001f527 Configuration du logging terminée. Rotation activée (5 Mo, 3 fichiers max).
2025-02-27 16:55:20 - INFO - \U0001f680 Lancement de l'application.
2025-02-27 16:55:20 - WARNING - \u26a0\ufe0f Attention : Ceci est un avertissement.
2025-02-27 16:55:20 - ERROR - \u274c Une erreur s'est produite.
2025-02-27 17:09:22 - INFO - \U0001f527 Configuration du logging terminée.
2025-02-27 17:09:22 - INFO - \U0001f527 Configuration du logging terminée. Rotation activée (5 Mo, 3 fichiers max).
2025-02-27 17:09:22 - INFO - \U0001f680 Lancement de l'application.
2025-02-27 17:09:22 - WARNING - \u26a0\ufe0f Attention : Ceci est un avertissement.
2025-02-27 17:09:22 - ERROR - \u274c Une erreur s'est produite.
2025-03-02 15:53:12 - INFO - \U0001f527 Configuration du logging terminée.
2025-03-02 15:53:12 - INFO - \U0001f527 Configuration du logging terminée. Rotation activée (5 Mo, 3 fichiers max).
2025-03-02 15:53:12 - INFO - \U0001f680 Lancement de l'application.
2025-03-02 15:53:12 - WARNING - \u26a0\ufe0f Attention : Ceci est un avertissement.
2025-03-02 15:53:12 - ERROR - \u274c Une erreur s'est produite.
2025-03-02 16:10:13 - INFO - \U0001f527 Configuration du logging terminée.
2025-03-02 16:10:13 - INFO - \U0001f527 Configuration du logging terminée. Rotation activée (5 Mo, 3 fichiers max).
2025-03-02 16:10:13 - INFO - \U0001f680 Lancement de l'application.
2025-03-02 16:10:13 - WARNING - \u26a0\ufe0f Attention : Ceci est un avertissement.
2025-03-02 16:10:13 - ERROR - \u274c Une erreur s'est produite.
2025-03-02 16:22:52 - INFO - \U0001f527 Configuration du logging terminée.
2025-03-02 16:22:52 - INFO - \U0001f527 Configuration du logging terminée. Rotation activée (5 Mo, 3 fichiers max).
2025-03-02 16:22:52 - INFO - \U0001f680 Lancement de l'application.
2025-03-02 16:22:52 - WARNING - \u26a0\ufe0f Attention : Ceci est un avertissement.
2025-03-02 16:22:52 - ERROR - \u274c Une erreur s'est produite.
2025-03-02 16:23:46 - INFO - \U0001f527 Configuration du logging terminée.
2025-03-02 16:23:46 - INFO - \U0001f527 Configuration du logging terminée. Rotation activée (5 Mo, 3 fichiers max).
2025-03-02 16:23:46 - INFO - \U0001f680 Lancement de l'application.
2025-03-02 16:23:46 - WARNING - \u26a0\ufe0f Attention : Ceci est un avertissement.
2025-03-02 16:23:46 - ERROR - \u274c Une erreur s'est produite.
2025-03-02 16:29:15 - INFO - \U0001f527 Configuration du logging terminée.
2025-03-02 16:29:15 - INFO - \U0001f527 Configuration du logging terminée. Rotation activée (5 Mo, 3 fichiers max).
2025-03-02 16:29:15 - INFO - \U0001f680 Lancement de l'application.
2025-03-02 16:29:15 - WARNING - \u26a0\ufe0f Attention : Ceci est un avertissement.
2025-03-02 16:29:15 - ERROR - \u274c Une erreur s'est produite.
2025-03-02 16:30:02 - INFO - \U0001f527 Configuration du logging terminée.
2025-03-02 16:30:02 - INFO - \U0001f527 Configuration du logging terminée. Rotation activée (5 Mo, 3 fichiers max).
2025-03-02 16:30:02 - INFO - \U0001f680 Lancement de l'application.
2025-03-02 16:30:02 - WARNING - \u26a0\ufe0f Attention : Ceci est un avertissement.
2025-03-02 16:30:02 - ERROR - \u274c Une erreur s'est produite.
2025-03-02 16:34:08 - INFO - \U0001f527 Configuration du logging terminée.
2025-03-02 16:34:08 - INFO - \U0001f527 Configuration du logging terminée. Rotation activée (5 Mo, 3 fichiers max).
2025-03-02 16:34:08 - INFO - \U0001f680 Lancement de l'application.
2025-03-02 16:34:08 - WARNING - \u26a0\ufe0f Attention : Ceci est un avertissement.
2025-03-02 16:34:08 - ERROR - \u274c Une erreur s'est produite.
2025-03-02 16:42:53 - INFO - \U0001f527 Configuration du logging terminée.
2025-03-02 16:42:53 - INFO - \U0001f527 Configuration du logging terminée. Rotation activée (5 Mo, 3 fichiers max).
2025-03-02 16:42:53 - INFO - \U0001f680 Lancement de l'application.
2025-03-02 16:42:53 - WARNING - \u26a0\ufe0f Attention : Ceci est un avertissement.
2025-03-02 16:42:53 - ERROR - \u274c Une erreur s'est produite.
2025-03-02 19:02:03 - INFO - \U0001f527 Configuration du logging terminée.
2025-03-02 19:02:03 - INFO - \U0001f527 Configuration du logging terminée. Rotation activée (5 Mo, 3 fichiers max).
2025-03-02 19:02:03 - INFO - \U0001f680 Lancement de l'application.
2025-03-02 19:02:03 - WARNING - \u26a0\ufe0f Attention : Ceci est un avertissement.
2025-03-02 19:02:03 - ERROR - \u274c Une erreur s'est produite.
2025-03-02 19:12:35 - INFO - \U0001f527 Configuration du logging terminée.
2025-03-02 19:12:35 - INFO - \U0001f527 Configuration du logging terminée. Rotation activée (5 Mo, 3 fichiers max).
2025-03-02 19:12:35 - INFO - \U0001f680 Lancement de l'application.
2025-03-02 19:12:35 - WARNING - \u26a0\ufe0f Attention : Ceci est un avertissement.
2025-03-02 19:12:35 - ERROR - \u274c Une erreur s'est produite.
2025-03-02 19:14:51 - INFO - \U0001f527 Configuration du logging terminée.
2025-03-02 19:14:51 - INFO - \U0001f527 Configuration du logging terminée. Rotation activée (5 Mo, 3 fichiers max).
2025-03-02 19:14:51 - INFO - \U0001f680 Lancement de l'application.
2025-03-02 19:14:51 - WARNING - \u26a0\ufe0f Attention : Ceci est un avertissement.
2025-03-02 19:14:51 - ERROR - \u274c Une erreur s'est produite.
2025-03-02 20:10:05 - INFO - \U0001f527 Configuration du logging terminée.
2025-03-02 20:10:05 - INFO - \U0001f527 Configuration du logging terminée. Rotation activée (5 Mo, 3 fichiers max).
2025-03-02 20:10:05 - INFO - \U0001f680 Lancement de l'application.
2025-03-02 20:10:05 - WARNING - \u26a0\ufe0f Attention : Ceci est un avertissement.
2025-03-02 20:10:05 - ERROR - \u274c Une erreur s'est produite.
2025-03-02 20:10:46 - INFO - \U0001f527 Configuration du logging terminée.
2025-03-02 20:10:46 - INFO - \U0001f527 Configuration du logging terminée. Rotation activée (5 Mo, 3 fichiers max).
2025-03-02 20:10:46 - INFO - \U0001f680 Lancement de l'application.
2025-03-02 20:10:46 - WARNING - \u26a0\ufe0f Attention : Ceci est un avertissement.
2025-03-02 20:10:46 - ERROR - \u274c Une erreur s'est produite.
2025-03-02 20:23:58 - INFO - \U0001f527 Configuration du logging terminée.
2025-03-02 20:23:58 - INFO - \U0001f527 Configuration du logging terminée. Rotation activée (5 Mo, 3 fichiers max).
2025-03-02 20:23:58 - INFO - \U0001f680 Lancement de l'application.
2025-03-02 20:23:58 - WARNING - \u26a0\ufe0f Attention : Ceci est un avertissement.
2025-03-02 20:23:58 - ERROR - \u274c Une erreur s'est produite.
2025-03-02 20:24:35 - INFO - \U0001f527 Configuration du logging terminée.
2025-03-02 20:24:35 - INFO - \U0001f527 Configuration du logging terminée. Rotation activée (5 Mo, 3 fichiers max).
2025-03-02 20:24:35 - INFO - \U0001f680 Lancement de l'application.
2025-03-02 20:24:35 - WARNING - \u26a0\ufe0f Attention : Ceci est un avertissement.
2025-03-02 20:24:35 - ERROR - \u274c Une erreur s'est produite.
2025-03-02 20:27:33 - INFO - \U0001f527 Configuration du logging terminée.
2025-03-02 20:27:33 - INFO - \U0001f527 Configuration du logging terminée. Rotation activée (5 Mo, 3 fichiers max).
2025-03-02 20:27:33 - INFO - \U0001f680 Lancement de l'application.
2025-03-02 20:27:33 - WARNING - \u26a0\ufe0f Attention : Ceci est un avertissement.
2025-03-02 20:27:33 - ERROR - \u274c Une erreur s'est produite.
2025-03-02 20:30:58 - INFO - \U0001f527 Configuration du logging terminée.
2025-03-02 20:30:58 - INFO - \U0001f527 Configuration du logging terminée. Rotation activée (5 Mo, 3 fichiers max).
2025-03-02 20:30:58 - INFO - \U0001f680 Lancement de l'application.
2025-03-02 20:30:58 - WARNING - \u26a0\ufe0f Attention : Ceci est un avertissement.
2025-03-02 20:30:58 - ERROR - \u274c Une erreur s'est produite.
2025-03-02 20:31:24 - INFO - \U0001f527 Configuration du logging terminée.
2025-03-02 20:31:24 - INFO - \U0001f527 Configuration du logging terminée. Rotation activée (5 Mo, 3 fichiers max).
2025-03-02 20:31:24 - INFO - \U0001f680 Lancement de l'application.
2025-03-02 20:31:24 - WARNING - \u26a0\ufe0f Attention : Ceci est un avertissement.
2025-03-02 20:31:24 - ERROR - \u274c Une erreur s'est produite.
2025-03-02 20:56:34 - INFO - \U0001f527 Configuration du logging terminée.
2025-03-02 20:56:34 - INFO - \U0001f527 Configuration du logging terminée. Rotation activée (5 Mo, 3 fichiers max).
2025-03-02 20:56:34 - INFO - \U0001f680 Lancement de l'application.
2025-03-02 20:56:34 - WARNING - \u26a0\ufe0f Attention : Ceci est un avertissement.
2025-03-02 20:56:34 - ERROR - \u274c Une erreur s'est produite.
2025-03-02 20:57:45 - INFO - \U0001f527 Configuration du logging terminée.
2025-03-02 20:57:45 - INFO - \U0001f527 Configuration du logging terminée. Rotation activée (5 Mo, 3 fichiers max).
2025-03-02 20:57:45 - INFO - \U0001f680 Lancement de l'application.
2025-03-02 20:57:45 - WARNING - \u26a0\ufe0f Attention : Ceci est un avertissement.
2025-03-02 20:57:45 - ERROR - \u274c Une erreur s'est produite.
2025-03-02 21:04:25 - INFO - \U0001f527 Configuration du logging terminée.
2025-03-02 21:04:25 - INFO - \U0001f527 Configuration du logging terminée. Rotation activée (5 Mo, 3 fichiers max).
2025-03-02 21:04:25 - INFO - \U0001f680 Lancement de l'application.
2025-03-02 21:04:25 - WARNING - \u26a0\ufe0f Attention : Ceci est un avertissement.
2025-03-02 21:04:25 - ERROR - \u274c Une erreur s'est produite.
2025-03-02 21:10:01 - INFO - \U0001f527 Configuration du logging terminée.
2025-03-02 21:10:01 - INFO - \U0001f527 Configuration du logging terminée. Rotation activée (5 Mo, 3 fichiers max).
2025-03-02 21:10:01 - INFO - \U0001f680 Lancement de l'application.
2025-03-02 21:10:01 - WARNING - \u26a0\ufe0f Attention : Ceci est un avertissement.
2025-03-02 21:10:01 - ERROR - \u274c Une erreur s'est produite.
2025-03-02 21:10:22 - INFO - \U0001f527 Configuration du logging terminée.
2025-03-02 21:10:22 - INFO - \U0001f527 Configuration du logging terminée. Rotation activée (5 Mo, 3 fichiers max).
2025-03-02 21:10:22 - INFO - \U0001f680 Lancement de l'application.
2025-03-02 21:10:22 - WARNING - \u26a0\ufe0f Attention : Ceci est un avertissement.
2025-03-02 21:10:22 - ERROR - \u274c Une erreur s'est produite.
2025-03-02 21:16:49 - INFO - \U0001f527 Configuration du logging terminée.
2025-03-02 21:16:49 - INFO - \U0001f527 Configuration du logging terminée. Rotation activée (5 Mo, 3 fichiers max).
2025-03-02 21:16:49 - INFO - \U0001f680 Lancement de l'application.
2025-03-02 21:16:49 - WARNING - \u26a0\ufe0f Attention : Ceci est un avertissement.
2025-03-02 21:16:49 - ERROR - \u274c Une erreur s'est produite.
2025-03-02 21:28:46 - INFO - \U0001f527 Configuration du logging terminée.
2025-03-02 21:28:46 - INFO - \U0001f527 Configuration du logging terminée. Rotation activée (5 Mo, 3 fichiers max).
2025-03-02 21:28:46 - INFO - \U0001f680 Lancement de l'application.
2025-03-02 21:28:46 - WARNING - \u26a0\ufe0f Attention : Ceci est un avertissement.
2025-03-02 21:28:46 - ERROR - \u274c Une erreur s'est produite.
2025-03-02 21:29:26 - INFO - \U0001f527 Configuration du logging terminée.
2025-03-02 21:29:26 - INFO - \U0001f527 Configuration du logging terminée. Rotation activée (5 Mo, 3 fichiers max).
2025-03-02 21:29:26 - INFO - \U0001f680 Lancement de l'application.
2025-03-02 21:29:26 - WARNING - \u26a0\ufe0f Attention : Ceci est un avertissement.
2025-03-02 21:29:26 - ERROR - \u274c Une erreur s'est produite.
2025-03-02 21:35:48 - INFO - \U0001f527 Configuration du logging terminée.
2025-03-02 21:35:48 - INFO - \U0001f527 Configuration du logging terminée. Rotation activée (5 Mo, 3 fichiers max).
2025-03-02 21:35:48 - INFO - \U0001f680 Lancement de l'application.
2025-03-02 21:35:48 - WARNING - \u26a0\ufe0f Attention : Ceci est un avertissement.
2025-03-02 21:35:48 - ERROR - \u274c Une erreur s'est produite.
2025-03-03 20:45:33 - INFO - \U0001f527 Configuration du logging terminée.
2025-03-03 20:45:33 - INFO - \U0001f527 Configuration du logging terminée. Rotation activée (5 Mo, 3 fichiers max).
2025-03-03 20:45:33 - INFO - \U0001f680 Lancement de l'application.
2025-03-03 20:45:33 - WARNING - \u26a0\ufe0f Attention : Ceci est un avertissement.
2025-03-03 20:45:33 - ERROR - \u274c Une erreur s'est produite.
2025-03-03 20:46:37 - INFO - \U0001f527 Configuration du logging terminée.
2025-03-03 20:46:37 - INFO - \U0001f527 Configuration du logging terminée. Rotation activée (5 Mo, 3 fichiers max).
2025-03-03 20:46:37 - INFO - \U0001f680 Lancement de l'application.
2025-03-03 20:46:37 - WARNING - \u26a0\ufe0f Attention : Ceci est un avertissement.
2025-03-03 20:46:37 - ERROR - \u274c Une erreur s'est produite.
2025-03-03 20:53:55 - INFO - \U0001f527 Configuration du logging terminée.
2025-03-03 20:53:55 - INFO - \U0001f527 Configuration du logging terminée. Rotation activée (5 Mo, 3 fichiers max).
2025-03-03 20:53:55 - INFO - \U0001f680 Lancement de l'application.
2025-03-03 20:53:55 - WARNING - \u26a0\ufe0f Attention : Ceci est un avertissement.
2025-03-03 20:53:55 - ERROR - \u274c Une erreur s'est produite.
2025-03-03 21:00:36 - INFO - \U0001f527 Configuration du logging terminée.
2025-03-03 21:00:36 - INFO - \U0001f527 Configuration du logging terminée. Rotation activée (5 Mo, 3 fichiers max).
2025-03-03 21:00:36 - INFO - \U0001f680 Lancement de l'application.
2025-03-03 21:00:36 - WARNING - \u26a0\ufe0f Attention : Ceci est un avertissement.
2025-03-03 21:00:36 - ERROR - \u274c Une erreur s'est produite.
2025-03-04 13:25:27 - INFO - \U0001f527 Configuration du logging terminée.
2025-03-04 13:25:27 - INFO - \U0001f527 Configuration du logging terminée. Rotation activée (5 Mo, 3 fichiers max).
2025-03-04 13:25:27 - INFO - \U0001f680 Lancement de l'application.
2025-03-04 13:25:27 - WARNING - \u26a0\ufe0f Attention : Ceci est un avertissement.
2025-03-04 13:25:27 - ERROR - \u274c Une erreur s'est produite.
2025-03-05 14:52:46 - INFO - \U0001f527 Configuration du logging terminée.
2025-03-05 14:52:46 - INFO - \U0001f527 Configuration du logging terminée. Rotation activée (5 Mo, 3 fichiers max).
2025-03-05 14:52:46 - INFO - \U0001f680 Lancement de l'application.
2025-03-05 14:52:46 - WARNING - \u26a0\ufe0f Attention : Ceci est un avertissement.
2025-03-05 14:52:46 - ERROR - \u274c Une erreur s'est produite.
2025-03-05 14:59:10 - INFO - \U0001f527 Configuration du logging terminée.
2025-03-05 14:59:10 - INFO - \U0001f527 Configuration du logging terminée. Rotation activée (5 Mo, 3 fichiers max).
2025-03-05 14:59:10 - INFO - \U0001f680 Lancement de l'application.
2025-03-05 14:59:10 - WARNING - \u26a0\ufe0f Attention : Ceci est un avertissement.
2025-03-05 14:59:10 - ERROR - \u274c Une erreur s'est produite.
2025-03-05 18:08:22 - INFO - \U0001f527 Configuration du logging terminée.
2025-03-05 18:08:22 - INFO - \U0001f527 Configuration du logging terminée. Rotation activée (5 Mo, 3 fichiers max).
2025-03-05 18:08:22 - INFO - \U0001f680 Lancement de l'application.
2025-03-05 18:08:22 - WARNING - \u26a0\ufe0f Attention : Ceci est un avertissement.
2025-03-05 18:08:22 - ERROR - \u274c Une erreur s'est produite.
2025-03-05 19:00:48 - INFO - \U0001f527 Configuration du logging terminée.
2025-03-05 19:00:48 - INFO - \U0001f527 Configuration du logging terminée. Rotation activée (5 Mo, 3 fichiers max).
2025-03-05 19:00:48 - INFO - \U0001f680 Lancement de l'application.
2025-03-05 19:00:48 - WARNING - \u26a0\ufe0f Attention : Ceci est un avertissement.
2025-03-05 19:00:48 - ERROR - \u274c Une erreur s'est produite.
2025-03-05 21:02:11 - INFO - \U0001f527 Configuration du logging terminée.
2025-03-05 21:02:11 - INFO - \U0001f527 Configuration du logging terminée. Rotation activée (5 Mo, 3 fichiers max).
2025-03-05 21:02:11 - INFO - \U0001f680 Lancement de l'application.
2025-03-05 21:02:11 - WARNING - \u26a0\ufe0f Attention : Ceci est un avertissement.
2025-03-05 21:02:11 - ERROR - \u274c Une erreur s'est produite.
2025-03-05 21:02:42 - INFO - \U0001f527 Configuration du logging terminée.
2025-03-05 21:02:42 - INFO - \U0001f527 Configuration du logging terminée. Rotation activée (5 Mo, 3 fichiers max).
2025-03-05 21:02:42 - INFO - \U0001f680 Lancement de l'application.
2025-03-05 21:02:42 - WARNING - \u26a0\ufe0f Attention : Ceci est un avertissement.
2025-03-05 21:02:42 - ERROR - \u274c Une erreur s'est produite.
2025-03-06 15:38:55 - INFO - \U0001f527 Configuration du logging terminée.
2025-03-06 15:38:55 - INFO - \U0001f527 Configuration du logging terminée. Rotation activée (5 Mo, 3 fichiers max).
2025-03-06 15:38:55 - INFO - \U0001f680 Lancement de l'application.
2025-03-06 15:38:55 - WARNING - \u26a0\ufe0f Attention : Ceci est un avertissement.
2025-03-06 15:38:55 - ERROR - \u274c Une erreur s'est produite.
2025-03-09 21:38:10 - INFO - \U0001f527 Configuration du logging terminée.
2025-03-09 21:38:10 - INFO - \U0001f527 Configuration du logging terminée. Rotation activée (5 Mo, 3 fichiers max).
2025-03-09 21:38:10 - INFO - \U0001f680 Lancement de l'application.
2025-03-09 21:38:10 - WARNING - \u26a0\ufe0f Attention : Ceci est un avertissement.
2025-03-09 21:38:10 - ERROR - \u274c Une erreur s'est produite.
2025-03-09 21:43:57 - INFO - \U0001f527 Configuration du logging terminée.
2025-03-09 21:43:57 - INFO - \U0001f527 Configuration du logging terminée. Rotation activée (5 Mo, 3 fichiers max).
2025-03-09 21:43:57 - INFO - \U0001f680 Lancement de l'application.
2025-03-09 21:43:57 - WARNING - \u26a0\ufe0f Attention : Ceci est un avertissement.
2025-03-09 21:43:57 - ERROR - \u274c Une erreur s'est produite.
2025-03-09 21:51:08 - INFO - \U0001f527 Configuration du logging terminée.
2025-03-09 21:51:08 - INFO - \U0001f527 Configuration du logging terminée. Rotation activée (5 Mo, 3 fichiers max).
2025-03-09 21:51:08 - INFO - \U0001f680 Lancement de l'application.
2025-03-09 21:51:08 - WARNING - \u26a0\ufe0f Attention : Ceci est un avertissement.
2025-03-09 21:51:08 - ERROR - \u274c Une erreur s'est produite.
2025-03-09 21:58:10 - INFO - \U0001f527 Configuration du logging terminée.
2025-03-09 21:58:10 - INFO - \U0001f527 Configuration du logging terminée. Rotation activée (5 Mo, 3 fichiers max).
2025-03-09 21:58:10 - INFO - \U0001f680 Lancement de l'application.
2025-03-09 21:58:10 - WARNING - \u26a0\ufe0f Attention : Ceci est un avertissement.
2025-03-09 21:58:10 - ERROR - \u274c Une erreur s'est produite.
2025-03-09 22:03:38 - INFO - \U0001f527 Configuration du logging terminée.
2025-03-09 22:03:38 - INFO - \U0001f527 Configuration du logging terminée. Rotation activée (5 Mo, 3 fichiers max).
2025-03-09 22:03:38 - INFO - \U0001f680 Lancement de l'application.
2025-03-09 22:03:38 - WARNING - \u26a0\ufe0f Attention : Ceci est un avertissement.
2025-03-09 22:03:38 - ERROR - \u274c Une erreur s'est produite.
2025-03-12 13:55:37 - INFO - \U0001f527 Configuration du logging terminée.
2025-03-12 13:55:37 - INFO - \U0001f527 Configuration du logging terminée. Rotation activée (5 Mo, 3 fichiers max).
2025-03-12 13:55:37 - INFO - \U0001f680 Lancement de l'application.
2025-03-12 13:55:37 - WARNING - \u26a0\ufe0f Attention : Ceci est un avertissement.
2025-03-12 13:55:37 - ERROR - \u274c Une erreur s'est produite.
2025-03-12 13:58:26 - INFO - \U0001f527 Configuration du logging terminée.
2025-03-12 13:58:26 - INFO - \U0001f527 Configuration du logging terminée. Rotation activée (5 Mo, 3 fichiers max).
2025-03-12 13:58:26 - INFO - \U0001f680 Lancement de l'application.
2025-03-12 13:58:26 - WARNING - \u26a0\ufe0f Attention : Ceci est un avertissement.
2025-03-12 13:58:26 - ERROR - \u274c Une erreur s'est produite.
2025-03-12 14:02:42 - INFO - \U0001f527 Configuration du logging terminée.
2025-03-12 14:02:42 - INFO - \U0001f527 Configuration du logging terminée. Rotation activée (5 Mo, 3 fichiers max).
2025-03-12 14:02:42 - INFO - \U0001f680 Lancement de l'application.
2025-03-12 14:02:42 - WARNING - \u26a0\ufe0f Attention : Ceci est un avertissement.
2025-03-12 14:02:42 - ERROR - \u274c Une erreur s'est produite.
2025-03-12 14:14:34 - INFO - \U0001f527 Configuration du logging terminée.
2025-03-12 14:14:34 - INFO - \U0001f527 Configuration du logging terminée. Rotation activée (5 Mo, 3 fichiers max).
2025-03-12 14:14:34 - INFO - \U0001f680 Lancement de l'application.
2025-03-12 14:14:34 - WARNING - \u26a0\ufe0f Attention : Ceci est un avertissement.
2025-03-12 14:14:34 - ERROR - \u274c Une erreur s'est produite.
2025-03-12 14:16:45 - INFO - \U0001f527 Configuration du logging terminée.
2025-03-12 14:16:45 - INFO - \U0001f527 Configuration du logging terminée. Rotation activée (5 Mo, 3 fichiers max).
2025-03-12 14:16:45 - INFO - \U0001f680 Lancement de l'application.
2025-03-12 14:16:45 - WARNING - \u26a0\ufe0f Attention : Ceci est un avertissement.
2025-03-12 14:16:45 - ERROR - \u274c Une erreur s'est produite.
2025-03-12 14:24:55 - INFO - \U0001f527 Configuration du logging terminée.
2025-03-12 14:24:55 - INFO - \U0001f527 Configuration du logging terminée. Rotation activée (5 Mo, 3 fichiers max).
2025-03-12 14:24:55 - INFO - \U0001f680 Lancement de l'application.
2025-03-12 14:24:55 - WARNING - \u26a0\ufe0f Attention : Ceci est un avertissement.
2025-03-12 14:24:55 - ERROR - \u274c Une erreur s'est produite.
2025-03-12 15:07:50 - INFO - \U0001f527 Configuration du logging terminée.
2025-03-12 15:07:50 - INFO - \U0001f527 Configuration du logging terminée. Rotation activée (5 Mo, 3 fichiers max).
2025-03-12 15:07:50 - INFO - \U0001f680 Lancement de l'application.
2025-03-12 15:07:50 - WARNING - \u26a0\ufe0f Attention : Ceci est un avertissement.
2025-03-12 15:07:50 - ERROR - \u274c Une erreur s'est produite.
2025-03-12 15:12:02 - INFO - \U0001f527 Configuration du logging terminée.
2025-03-12 15:12:02 - INFO - \U0001f527 Configuration du logging terminée. Rotation activée (5 Mo, 3 fichiers max).
2025-03-12 15:12:02 - INFO - \U0001f680 Lancement de l'application.
2025-03-12 15:12:02 - WARNING - \u26a0\ufe0f Attention : Ceci est un avertissement.
2025-03-12 15:12:02 - ERROR - \u274c Une erreur s'est produite.
2025-03-12 15:16:30 - INFO - \U0001f527 Configuration du logging terminée.
2025-03-12 15:16:30 - INFO - \U0001f527 Configuration du logging terminée. Rotation activée (5 Mo, 3 fichiers max).
2025-03-12 15:16:30 - INFO - \U0001f680 Lancement de l'application.
2025-03-12 15:16:30 - WARNING - \u26a0\ufe0f Attention : Ceci est un avertissement.
2025-03-12 15:16:30 - ERROR - \u274c Une erreur s'est produite.
2025-03-12 17:57:16 - INFO - \U0001f527 Configuration du logging terminée.
2025-03-12 17:57:16 - INFO - \U0001f527 Configuration du logging terminée. Rotation activée (5 Mo, 3 fichiers max).
2025-03-12 17:57:16 - INFO - \U0001f680 Lancement de l'application.
2025-03-12 17:57:16 - WARNING - \u26a0\ufe0f Attention : Ceci est un avertissement.
2025-03-12 17:57:16 - ERROR - \u274c Une erreur s'est produite.
2025-03-12 18:07:02 - INFO - \U0001f527 Configuration du logging terminée.
2025-03-12 18:07:02 - INFO - \U0001f527 Configuration du logging terminée. Rotation activée (5 Mo, 3 fichiers max).
2025-03-12 18:07:02 - INFO - \U0001f680 Lancement de l'application.
2025-03-12 18:07:02 - WARNING - \u26a0\ufe0f Attention : Ceci est un avertissement.
2025-03-12 18:07:02 - ERROR - \u274c Une erreur s'est produite.
2025-03-12 18:12:43 - INFO - \U0001f527 Configuration du logging terminée.
2025-03-12 18:12:43 - INFO - \U0001f527 Configuration du logging terminée. Rotation activée (5 Mo, 3 fichiers max).
2025-03-12 18:12:43 - INFO - \U0001f680 Lancement de l'application.
2025-03-12 18:12:43 - WARNING - \u26a0\ufe0f Attention : Ceci est un avertissement.
2025-03-12 18:12:43 - ERROR - \u274c Une erreur s'est produite.
2025-03-12 18:16:00 - INFO - \U0001f527 Configuration du logging terminée.
2025-03-12 18:16:00 - INFO - \U0001f527 Configuration du logging terminée. Rotation activée (5 Mo, 3 fichiers max).
2025-03-12 18:16:00 - INFO - \U0001f680 Lancement de l'application.
2025-03-12 18:16:00 - WARNING - \u26a0\ufe0f Attention : Ceci est un avertissement.
2025-03-12 18:16:00 - ERROR - \u274c Une erreur s'est produite.
2025-03-12 18:16:11 - INFO - \U0001f527 Configuration du logging terminée.
2025-03-12 18:16:11 - INFO - \U0001f527 Configuration du logging terminée. Rotation activée (5 Mo, 3 fichiers max).
2025-03-12 18:16:11 - INFO - \U0001f680 Lancement de l'application.
2025-03-12 18:16:11 - WARNING - \u26a0\ufe0f Attention : Ceci est un avertissement.
2025-03-12 18:16:11 - ERROR - \u274c Une erreur s'est produite.
2025-03-12 18:17:48 - INFO - \U0001f527 Configuration du logging terminée.
2025-03-12 18:17:48 - INFO - \U0001f527 Configuration du logging terminée. Rotation activée (5 Mo, 3 fichiers max).
2025-03-12 18:17:48 - INFO - \U0001f680 Lancement de l'application.
2025-03-12 18:17:48 - WARNING - \u26a0\ufe0f Attention : Ceci est un avertissement.
2025-03-12 18:17:48 - ERROR - \u274c Une erreur s'est produite.
2025-03-12 18:18:28 - INFO - \U0001f527 Configuration du logging terminée.
2025-03-12 18:18:28 - INFO - \U0001f527 Configuration du logging terminée. Rotation activée (5 Mo, 3 fichiers max).
2025-03-12 18:18:28 - INFO - \U0001f680 Lancement de l'application.
2025-03-12 18:18:28 - WARNING - \u26a0\ufe0f Attention : Ceci est un avertissement.
2025-03-12 18:18:28 - ERROR - \u274c Une erreur s'est produite.
2025-03-12 18:18:47 - INFO - \U0001f527 Configuration du logging terminée.
2025-03-12 18:18:47 - INFO - \U0001f527 Configuration du logging terminée. Rotation activée (5 Mo, 3 fichiers max).
2025-03-12 18:18:47 - INFO - \U0001f680 Lancement de l'application.
2025-03-12 18:18:47 - WARNING - \u26a0\ufe0f Attention : Ceci est un avertissement.
2025-03-12 18:18:47 - ERROR - \u274c Une erreur s'est produite.
2025-03-12 18:19:30 - INFO - \U0001f527 Configuration du logging terminée.
2025-03-12 18:19:30 - INFO - \U0001f527 Configuration du logging terminée. Rotation activée (5 Mo, 3 fichiers max).
2025-03-12 18:19:30 - INFO - \U0001f680 Lancement de l'application.
2025-03-12 18:19:30 - WARNING - \u26a0\ufe0f Attention : Ceci est un avertissement.
2025-03-12 18:19:30 - ERROR - \u274c Une erreur s'est produite.
2025-03-12 18:20:18 - INFO - \U0001f527 Configuration du logging terminée.
2025-03-12 18:20:18 - INFO - \U0001f527 Configuration du logging terminée. Rotation activée (5 Mo, 3 fichiers max).
2025-03-12 18:20:18 - INFO - \U0001f680 Lancement de l'application.
2025-03-12 18:20:18 - WARNING - \u26a0\ufe0f Attention : Ceci est un avertissement.
2025-03-12 18:20:18 - ERROR - \u274c Une erreur s'est produite.
2025-03-12 18:33:02 - INFO - \U0001f527 Configuration du logging terminée.
2025-03-12 18:33:02 - INFO - \U0001f527 Configuration du logging terminée. Rotation activée (5 Mo, 3 fichiers max).
2025-03-12 18:33:02 - INFO - \U0001f680 Lancement de l'application.
2025-03-12 18:33:02 - WARNING - \u26a0\ufe0f Attention : Ceci est un avertissement.
2025-03-12 18:33:02 - ERROR - \u274c Une erreur s'est produite.
2025-03-12 18:33:25 - INFO - \U0001f527 Configuration du logging terminée.
2025-03-12 18:33:25 - INFO - \U0001f527 Configuration du logging terminée. Rotation activée (5 Mo, 3 fichiers max).
2025-03-12 18:33:25 - INFO - \U0001f680 Lancement de l'application.
2025-03-12 18:33:25 - WARNING - \u26a0\ufe0f Attention : Ceci est un avertissement.
2025-03-12 18:33:25 - ERROR - \u274c Une erreur s'est produite.
2025-03-12 18:33:51 - INFO - \U0001f527 Configuration du logging terminée.
2025-03-12 18:33:51 - INFO - \U0001f527 Configuration du logging terminée. Rotation activée (5 Mo, 3 fichiers max).
2025-03-12 18:33:51 - INFO - \U0001f680 Lancement de l'application.
2025-03-12 18:33:51 - WARNING - \u26a0\ufe0f Attention : Ceci est un avertissement.
2025-03-12 18:33:51 - ERROR - \u274c Une erreur s'est produite.
2025-03-12 18:39:22 - INFO - \U0001f527 Configuration du logging terminée.
2025-03-12 18:39:22 - INFO - \U0001f527 Configuration du logging terminée. Rotation activée (5 Mo, 3 fichiers max).
2025-03-12 18:39:22 - INFO - \U0001f680 Lancement de l'application.
2025-03-12 18:39:22 - WARNING - \u26a0\ufe0f Attention : Ceci est un avertissement.
2025-03-12 18:39:22 - ERROR - \u274c Une erreur s'est produite.
2025-03-12 18:40:21 - INFO - \U0001f527 Configuration du logging terminée.
2025-03-12 18:40:21 - INFO - \U0001f527 Configuration du logging terminée. Rotation activée (5 Mo, 3 fichiers max).
2025-03-12 18:40:21 - INFO - \U0001f680 Lancement de l'application.
2025-03-12 18:40:21 - WARNING - \u26a0\ufe0f Attention : Ceci est un avertissement.
2025-03-12 18:40:21 - ERROR - \u274c Une erreur s'est produite.
2025-03-12 18:40:35 - INFO - \U0001f527 Configuration du logging terminée.
2025-03-12 18:40:35 - INFO - \U0001f527 Configuration du logging terminée. Rotation activée (5 Mo, 3 fichiers max).
2025-03-12 18:40:35 - INFO - \U0001f680 Lancement de l'application.
2025-03-12 18:40:35 - WARNING - \u26a0\ufe0f Attention : Ceci est un avertissement.
2025-03-12 18:40:35 - ERROR - \u274c Une erreur s'est produite.
2025-03-12 18:41:26 - INFO - \U0001f527 Configuration du logging terminée.
2025-03-12 18:41:26 - INFO - \U0001f527 Configuration du logging terminée. Rotation activée (5 Mo, 3 fichiers max).
2025-03-12 18:41:26 - INFO - \U0001f680 Lancement de l'application.
2025-03-12 18:41:26 - WARNING - \u26a0\ufe0f Attention : Ceci est un avertissement.
2025-03-12 18:41:26 - ERROR - \u274c Une erreur s'est produite.
2025-03-12 18:46:52 - INFO - \U0001f527 Configuration du logging terminée.
2025-03-12 18:46:52 - INFO - \U0001f527 Configuration du logging terminée. Rotation activée (5 Mo, 3 fichiers max).
2025-03-12 18:46:52 - INFO - \U0001f680 Lancement de l'application.
2025-03-12 18:46:52 - WARNING - \u26a0\ufe0f Attention : Ceci est un avertissement.
2025-03-12 18:46:52 - ERROR - \u274c Une erreur s'est produite.
2025-03-12 19:13:34 - INFO - \U0001f527 Configuration du logging terminée.
2025-03-12 19:13:34 - INFO - \U0001f527 Configuration du logging terminée. Rotation activée (5 Mo, 3 fichiers max).
2025-03-12 19:13:34 - INFO - \U0001f680 Lancement de l'application.
2025-03-12 19:13:34 - WARNING - \u26a0\ufe0f Attention : Ceci est un avertissement.
2025-03-12 19:13:34 - ERROR - \u274c Une erreur s'est produite.
2025-03-12 19:14:22 - INFO - \U0001f527 Configuration du logging terminée.
2025-03-12 19:14:22 - INFO - \U0001f527 Configuration du logging terminée. Rotation activée (5 Mo, 3 fichiers max).
2025-03-12 19:14:22 - INFO - \U0001f680 Lancement de l'application.
2025-03-12 19:14:22 - WARNING - \u26a0\ufe0f Attention : Ceci est un avertissement.
2025-03-12 19:14:22 - ERROR - \u274c Une erreur s'est produite.
2025-03-12 19:40:52 - INFO - \U0001f527 Configuration du logging terminée.
2025-03-12 19:40:52 - INFO - \U0001f527 Configuration du logging terminée. Rotation activée (5 Mo, 3 fichiers max).
2025-03-12 19:40:52 - INFO - \U0001f680 Lancement de l'application.
2025-03-12 19:40:52 - WARNING - \u26a0\ufe0f Attention : Ceci est un avertissement.
2025-03-12 19:40:52 - ERROR - \u274c Une erreur s'est produite.
2025-03-12 19:48:54 - INFO - \U0001f527 Configuration du logging terminée.
2025-03-12 19:48:54 - INFO - \U0001f527 Configuration du logging terminée. Rotation activée (5 Mo, 3 fichiers max).
2025-03-12 19:48:54 - INFO - \U0001f680 Lancement de l'application.
2025-03-12 19:48:54 - WARNING - \u26a0\ufe0f Attention : Ceci est un avertissement.
2025-03-12 19:48:54 - ERROR - \u274c Une erreur s'est produite.
2025-03-13 13:00:25 - INFO - \U0001f527 Configuration du logging terminée.
2025-03-13 13:00:25 - INFO - \U0001f527 Configuration du logging terminée. Rotation activée (5 Mo, 3 fichiers max).
2025-03-13 13:00:25 - INFO - \U0001f680 Lancement de l'application.
2025-03-13 13:00:25 - WARNING - \u26a0\ufe0f Attention : Ceci est un avertissement.
2025-03-13 13:00:25 - ERROR - \u274c Une erreur s'est produite.
2025-03-14 22:12:27 - INFO - \U0001f527 Configuration du logging terminée.
2025-03-14 22:12:27 - INFO - \U0001f527 Configuration du logging terminée. Rotation activée (5 Mo, 3 fichiers max).
2025-03-14 22:12:27 - INFO - \U0001f680 Lancement de l'application.
2025-03-14 22:12:27 - WARNING - \u26a0\ufe0f Attention : Ceci est un avertissement.
2025-03-14 22:12:27 - ERROR - \u274c Une erreur s'est produite.
2025-03-14 22:19:33 - INFO - \U0001f527 Configuration du logging terminée.
2025-03-14 22:19:33 - INFO - \U0001f527 Configuration du logging terminée. Rotation activée (5 Mo, 3 fichiers max).
2025-03-14 22:19:33 - INFO - \U0001f680 Lancement de l'application.
2025-03-14 22:19:33 - WARNING - \u26a0\ufe0f Attention : Ceci est un avertissement.
2025-03-14 22:19:33 - ERROR - \u274c Une erreur s'est produite.
2025-03-14 22:22:38 - INFO - \U0001f527 Configuration du logging terminée.
2025-03-14 22:22:38 - INFO - \U0001f527 Configuration du logging terminée. Rotation activée (5 Mo, 3 fichiers max).
2025-03-14 22:22:38 - INFO - \U0001f680 Lancement de l'application.
2025-03-14 22:22:38 - WARNING - \u26a0\ufe0f Attention : Ceci est un avertissement.
2025-03-14 22:22:38 - ERROR - \u274c Une erreur s'est produite.
2025-03-14 22:28:09 - INFO - \U0001f527 Configuration du logging terminée.
2025-03-14 22:28:09 - INFO - \U0001f527 Configuration du logging terminée. Rotation activée (5 Mo, 3 fichiers max).
2025-03-14 22:28:09 - INFO - \U0001f680 Lancement de l'application.
2025-03-14 22:28:09 - WARNING - \u26a0\ufe0f Attention : Ceci est un avertissement.
2025-03-14 22:28:09 - ERROR - \u274c Une erreur s'est produite.
2025-03-14 22:29:13 - INFO - \U0001f527 Configuration du logging terminée.
2025-03-14 22:29:13 - INFO - \U0001f527 Configuration du logging terminée. Rotation activée (5 Mo, 3 fichiers max).
2025-03-14 22:29:13 - INFO - \U0001f680 Lancement de l'application.
2025-03-14 22:29:13 - WARNING - \u26a0\ufe0f Attention : Ceci est un avertissement.
2025-03-14 22:29:13 - ERROR - \u274c Une erreur s'est produite.
2025-03-14 22:29:50 - INFO - \U0001f527 Configuration du logging terminée.
2025-03-14 22:29:50 - INFO - \U0001f527 Configuration du logging terminée. Rotation activée (5 Mo, 3 fichiers max).
2025-03-14 22:29:50 - INFO - \U0001f680 Lancement de l'application.
2025-03-14 22:29:50 - WARNING - \u26a0\ufe0f Attention : Ceci est un avertissement.
2025-03-14 22:29:50 - ERROR - \u274c Une erreur s'est produite.
2025-03-14 22:30:15 - INFO - \U0001f527 Configuration du logging terminée.
2025-03-14 22:30:15 - INFO - \U0001f527 Configuration du logging terminée. Rotation activée (5 Mo, 3 fichiers max).
2025-03-14 22:30:15 - INFO - \U0001f680 Lancement de l'application.
2025-03-14 22:30:15 - WARNING - \u26a0\ufe0f Attention : Ceci est un avertissement.
2025-03-14 22:30:15 - ERROR - \u274c Une erreur s'est produite.
2025-03-14 22:31:03 - INFO - \U0001f527 Configuration du logging terminée.
2025-03-14 22:31:03 - INFO - \U0001f527 Configuration du logging terminée. Rotation activée (5 Mo, 3 fichiers max).
2025-03-14 22:31:03 - INFO - \U0001f680 Lancement de l'application.
2025-03-14 22:31:03 - WARNING - \u26a0\ufe0f Attention : Ceci est un avertissement.
2025-03-14 22:31:03 - ERROR - \u274c Une erreur s'est produite.
2025-03-14 22:33:15 - INFO - \U0001f527 Configuration du logging terminée.
2025-03-14 22:33:15 - INFO - \U0001f527 Configuration du logging terminée. Rotation activée (5 Mo, 3 fichiers max).
2025-03-14 22:33:15 - INFO - \U0001f680 Lancement de l'application.
2025-03-14 22:33:15 - WARNING - \u26a0\ufe0f Attention : Ceci est un avertissement.
2025-03-14 22:33:15 - ERROR - \u274c Une erreur s'est produite.
2025-03-14 22:39:50 - INFO - \U0001f527 Configuration du logging terminée.
2025-03-14 22:39:50 - INFO - \U0001f527 Configuration du logging terminée. Rotation activée (5 Mo, 3 fichiers max).
2025-03-14 22:39:50 - INFO - \U0001f680 Lancement de l'application.
2025-03-14 22:39:50 - WARNING - \u26a0\ufe0f Attention : Ceci est un avertissement.
2025-03-14 22:39:50 - ERROR - \u274c Une erreur s'est produite.
2025-03-14 22:41:40 - INFO - \U0001f527 Configuration du logging terminée.
2025-03-14 22:41:40 - INFO - \U0001f527 Configuration du logging terminée. Rotation activée (5 Mo, 3 fichiers max).
2025-03-14 22:41:40 - INFO - \U0001f680 Lancement de l'application.
2025-03-14 22:41:40 - WARNING - \u26a0\ufe0f Attention : Ceci est un avertissement.
2025-03-14 22:41:40 - ERROR - \u274c Une erreur s'est produite.
2025-03-14 22:49:52 - INFO - \U0001f527 Configuration du logging terminée.
2025-03-14 22:49:52 - INFO - \U0001f527 Configuration du logging terminée. Rotation activée (5 Mo, 3 fichiers max).
2025-03-14 22:49:52 - INFO - \U0001f680 Lancement de l'application.
2025-03-14 22:49:52 - WARNING - \u26a0\ufe0f Attention : Ceci est un avertissement.
2025-03-14 22:49:52 - ERROR - \u274c Une erreur s'est produite.
2025-03-14 22:53:36 - INFO - \U0001f527 Configuration du logging terminée.
2025-03-14 22:53:36 - INFO - \U0001f527 Configuration du logging terminée. Rotation activée (5 Mo, 3 fichiers max).
2025-03-14 22:53:36 - INFO - \U0001f680 Lancement de l'application.
2025-03-14 22:53:36 - WARNING - \u26a0\ufe0f Attention : Ceci est un avertissement.
2025-03-14 22:53:36 - ERROR - \u274c Une erreur s'est produite.
2025-03-15 13:24:56 - INFO - \U0001f527 Configuration du logging terminée.
2025-03-15 13:24:56 - INFO - \U0001f527 Configuration du logging terminée. Rotation activée (5 Mo, 3 fichiers max).
2025-03-15 13:24:56 - INFO - \U0001f680 Lancement de l'application.
2025-03-15 13:24:56 - WARNING - \u26a0\ufe0f Attention : Ceci est un avertissement.
2025-03-15 13:24:56 - ERROR - \u274c Une erreur s'est produite.
2025-03-15 13:31:17 - INFO - \U0001f527 Configuration du logging terminée.
2025-03-15 13:31:17 - INFO - \U0001f527 Configuration du logging terminée. Rotation activée (5 Mo, 3 fichiers max).
2025-03-15 13:31:17 - INFO - \U0001f680 Lancement de l'application.
2025-03-15 13:31:17 - WARNING - \u26a0\ufe0f Attention : Ceci est un avertissement.
2025-03-15 13:31:17 - ERROR - \u274c Une erreur s'est produite.
2025-03-15 13:39:17 - INFO - \U0001f527 Configuration du logging terminée.
2025-03-15 13:39:17 - INFO - \U0001f527 Configuration du logging terminée. Rotation activée (5 Mo, 3 fichiers max).
2025-03-15 13:39:17 - INFO - \U0001f680 Lancement de l'application.
2025-03-15 13:39:17 - WARNING - \u26a0\ufe0f Attention : Ceci est un avertissement.
2025-03-15 13:39:17 - ERROR - \u274c Une erreur s'est produite.
2025-03-15 13:48:17 - INFO - \U0001f527 Configuration du logging terminée.
2025-03-15 13:48:17 - INFO - \U0001f527 Configuration du logging terminée. Rotation activée (5 Mo, 3 fichiers max).
2025-03-15 13:48:17 - INFO - \U0001f680 Lancement de l'application.
2025-03-15 13:48:17 - WARNING - \u26a0\ufe0f Attention : Ceci est un avertissement.
2025-03-15 13:48:17 - ERROR - \u274c Une erreur s'est produite.
2025-03-15 14:17:57 - INFO - \U0001f527 Configuration du logging terminée.
2025-03-15 14:17:57 - INFO - \U0001f527 Configuration du logging terminée. Rotation activée (5 Mo, 3 fichiers max).
2025-03-15 14:17:57 - INFO - \U0001f680 Lancement de l'application.
2025-03-15 14:17:57 - WARNING - \u26a0\ufe0f Attention : Ceci est un avertissement.
2025-03-15 14:17:57 - ERROR - \u274c Une erreur s'est produite.
